2022-12-09 10:38:33,995 - WARNING - Start crawl: == RAM USE: 47556.0 MB ==	url: https://thanhnien.vn/video/
2022-12-09 10:38:34,293 - WARNING - End crawl: == RAM USE: 49868.0 MB ==	
2022-12-09 10:38:34,294 - WARNING - Start crawl: == RAM USE: 49868.0 MB ==	url: https://thanhnien.vn/thoi-su/
2022-12-09 10:38:34,564 - WARNING - End crawl: == RAM USE: 50540.0 MB ==	
2022-12-09 10:38:34,565 - WARNING - Start crawl: == RAM USE: 50540.0 MB ==	url: https://thanhnien.vn/the-gioi/
2022-12-09 10:38:34,966 - WARNING - End crawl: == RAM USE: 51556.0 MB ==	
2022-12-09 10:38:34,966 - WARNING - Start crawl: == RAM USE: 51556.0 MB ==	url: https://thanhnien.vn/tai-chinh-kinh-doanh/
2022-12-09 10:38:35,481 - WARNING - End crawl: == RAM USE: 51460.0 MB ==	
2022-12-09 10:38:35,484 - WARNING - Start crawl: == RAM USE: 51460.0 MB ==	url: https://thanhnien.vn/doi-song/
2022-12-09 10:38:35,800 - WARNING - End crawl: == RAM USE: 51856.0 MB ==	
2022-12-09 10:38:35,800 - WARNING - Start crawl: == RAM USE: 51856.0 MB ==	url: https://thanhnien.vn/du-lich/
2022-12-09 10:38:36,006 - WARNING - End crawl: == RAM USE: 51600.0 MB ==	
2022-12-09 10:38:36,006 - WARNING - Start crawl: == RAM USE: 51600.0 MB ==	url: https://thanhnien.vn/van-hoa/
2022-12-09 10:38:36,287 - WARNING - End crawl: == RAM USE: 51660.0 MB ==	
2022-12-09 10:38:36,287 - WARNING - Start crawl: == RAM USE: 51660.0 MB ==	url: https://thanhnien.vn/giai-tri/
2022-12-09 10:38:36,696 - WARNING - End crawl: == RAM USE: 51076.0 MB ==	
2022-12-09 10:38:36,697 - WARNING - Start crawl: == RAM USE: 51076.0 MB ==	url: https://thanhnien.vn/gioi-tre/
2022-12-09 10:38:36,967 - WARNING - End crawl: == RAM USE: 51696.0 MB ==	
2022-12-09 10:38:36,968 - WARNING - Start crawl: == RAM USE: 51696.0 MB ==	url: https://thanhnien.vn/giao-duc/
2022-12-09 10:38:37,243 - WARNING - End crawl: == RAM USE: 51816.0 MB ==	
2022-12-09 10:38:37,244 - WARNING - Start crawl: == RAM USE: 51816.0 MB ==	url: https://thanhnien.vn/the-thao/
2022-12-09 10:38:37,494 - WARNING - End crawl: == RAM USE: 52152.0 MB ==	
2022-12-09 10:38:37,494 - WARNING - Start crawl: == RAM USE: 52152.0 MB ==	url: https://thanhnien.vn/suc-khoe/
2022-12-09 10:38:37,745 - WARNING - End crawl: == RAM USE: 51192.0 MB ==	
2022-12-09 10:38:37,745 - WARNING - Start crawl: == RAM USE: 51192.0 MB ==	url: https://thanhnien.vn/cong-nghe-game/
2022-12-09 10:38:37,898 - WARNING - End crawl: == RAM USE: 53204.0 MB ==	
2022-12-09 10:38:37,899 - WARNING - Start crawl: == RAM USE: 53204.0 MB ==	url: https://thanhnien.vn/xe/
2022-12-09 10:38:38,103 - WARNING - End crawl: == RAM USE: 50280.0 MB ==	
2022-12-09 10:38:38,104 - WARNING - Start crawl: == RAM USE: 50280.0 MB ==	url: https://thoitrangtre.thanhnien.vn
2022-12-09 10:38:38,420 - WARNING - End crawl: == RAM USE: 51508.0 MB ==	
2022-12-09 10:38:38,420 - WARNING - Start crawl: == RAM USE: 51508.0 MB ==	url: https://thanhnien.vn/
2022-12-09 10:38:38,842 - WARNING - End crawl: == RAM USE: 51832.0 MB ==	
